TN:
SF:routes/editors.js
FN:3,(anonymous_0)
FN:7,(anonymous_1)
FN:22,(anonymous_2)
FN:40,(anonymous_3)
FN:75,(anonymous_4)
FN:101,(anonymous_5)
FNF:6
FNH:6
FNDA:14,(anonymous_0)
FNDA:2,(anonymous_1)
FNDA:2,(anonymous_2)
FNDA:4,(anonymous_3)
FNDA:3,(anonymous_4)
FNDA:3,(anonymous_5)
DA:1,1
DA:3,1
DA:4,14
DA:7,14
DA:8,2
DA:9,2
DA:10,2
DA:11,1
DA:13,1
DA:14,1
DA:22,14
DA:23,2
DA:24,2
DA:27,1
DA:31,1
DA:32,1
DA:40,14
DA:41,4
DA:42,4
DA:44,4
DA:45,1
DA:51,3
DA:57,2
DA:58,1
DA:64,1
DA:66,1
DA:67,1
DA:75,14
DA:76,3
DA:77,3
DA:79,3
DA:80,1
DA:83,2
DA:85,2
DA:90,1
DA:92,1
DA:93,1
DA:101,14
DA:102,3
DA:103,3
DA:105,3
DA:106,1
DA:109,2
DA:113,1
DA:115,1
DA:116,1
DA:123,14
LF:47
LH:47
BRDA:44,0,0,1
BRDA:44,0,1,3
BRDA:57,1,0,1
BRDA:57,1,1,1
BRDA:79,2,0,1
BRDA:79,2,1,2
BRDA:105,3,0,1
BRDA:105,3,1,2
BRF:8
BRH:8
end_of_record
TN:
SF:routes/games.js
FN:12,(anonymous_0)
FN:15,(anonymous_1)
FN:21,(anonymous_2)
FN:38,(anonymous_3)
FN:50,(anonymous_4)
FN:66,(anonymous_5)
FN:99,(anonymous_6)
FN:160,(anonymous_7)
FN:201,(anonymous_8)
FN:260,(anonymous_9)
FN:348,(anonymous_10)
FN:369,(anonymous_11)
FNF:12
FNH:12
FNDA:1,(anonymous_0)
FNDA:1,(anonymous_1)
FNDA:5,(anonymous_2)
FNDA:28,(anonymous_3)
FNDA:2,(anonymous_4)
FNDA:3,(anonymous_5)
FNDA:4,(anonymous_6)
FNDA:3,(anonymous_7)
FNDA:5,(anonymous_8)
FNDA:6,(anonymous_9)
FNDA:5,(anonymous_10)
FNDA:2,(anonymous_11)
DA:1,1
DA:2,1
DA:3,1
DA:4,1
DA:5,1
DA:8,1
DA:11,1
DA:13,1
DA:16,1
DA:21,1
DA:27,5
DA:29,5
DA:31,4
DA:34,1
DA:38,1
DA:39,28
DA:41,28
DA:45,28
DA:46,0
DA:50,28
DA:51,2
DA:52,2
DA:55,1
DA:57,1
DA:58,1
DA:66,28
DA:67,3
DA:68,3
DA:71,2
DA:75,2
DA:76,1
DA:83,1
DA:90,1
DA:91,1
DA:99,28
DA:100,4
DA:101,4
DA:103,4
DA:109,3
DA:110,1
DA:116,2
DA:122,2
DA:123,1
DA:129,1
DA:133,1
DA:149,1
DA:151,1
DA:152,1
DA:160,28
DA:161,3
DA:162,3
DA:173,2
DA:174,1
DA:184,1
DA:186,1
DA:192,1
DA:193,1
DA:201,28
DA:202,5
DA:203,5
DA:207,4
DA:208,1
DA:214,3
DA:218,3
DA:219,1
DA:225,2
DA:229,2
DA:230,1
DA:240,1
DA:242,1
DA:251,1
DA:252,1
DA:260,28
DA:261,6
DA:262,6
DA:264,6
DA:265,6
DA:266,6
DA:269,6
DA:273,5
DA:274,1
DA:281,4
DA:286,4
DA:287,4
DA:288,4
DA:293,4
DA:294,1
DA:301,3
DA:303,3
DA:307,1
DA:309,1
DA:312,1
DA:314,1
DA:320,1
DA:324,3
DA:337,3
DA:339,1
DA:340,1
DA:348,28
DA:349,5
DA:350,5
DA:352,5
DA:356,4
DA:357,1
DA:361,3
DA:362,2
DA:369,2
DA:370,2
DA:371,1
DA:377,3
DA:381,3
DA:383,1
DA:384,1
DA:391,28
DA:394,1
DA:395,1
LF:116
LH:115
BRDA:29,0,0,4
BRDA:29,0,1,1
BRDA:45,1,0,0
BRDA:45,1,1,28
BRDA:75,2,0,1
BRDA:75,2,1,1
BRDA:109,3,0,1
BRDA:109,3,1,2
BRDA:122,4,0,1
BRDA:122,4,1,1
BRDA:129,5,0,0
BRDA:129,5,1,1
BRDA:173,6,0,1
BRDA:173,6,1,1
BRDA:207,7,0,1
BRDA:207,7,1,3
BRDA:218,8,0,1
BRDA:218,8,1,2
BRDA:229,9,0,1
BRDA:229,9,1,1
BRDA:266,10,0,6
BRDA:266,10,1,0
BRDA:273,11,0,1
BRDA:273,11,1,4
BRDA:287,12,0,4
BRDA:287,12,1,0
BRDA:293,13,0,1
BRDA:293,13,1,3
BRDA:293,14,0,4
BRDA:293,14,1,3
BRDA:303,15,0,1
BRDA:303,15,1,2
BRDA:307,16,0,1
BRDA:307,16,1,0
BRDA:312,17,0,1
BRDA:312,17,1,0
BRDA:331,18,0,3
BRDA:331,18,1,0
BRDA:356,19,0,1
BRDA:356,19,1,3
BRDA:361,20,0,2
BRDA:361,20,1,1
BRDA:370,21,0,1
BRDA:370,21,1,1
BRF:44
BRH:37
end_of_record
TN:
SF:routes/genres.js
FN:3,(anonymous_0)
FN:7,(anonymous_1)
FN:23,(anonymous_2)
FNF:3
FNH:3
FNDA:5,(anonymous_0)
FNDA:2,(anonymous_1)
FNDA:3,(anonymous_2)
DA:1,1
DA:3,1
DA:4,5
DA:7,5
DA:8,2
DA:9,2
DA:12,1
DA:14,1
DA:15,1
DA:23,5
DA:24,3
DA:25,3
DA:26,3
DA:34,2
DA:35,1
DA:41,1
DA:43,1
DA:44,1
DA:51,5
LF:19
LH:19
BRDA:34,0,0,1
BRDA:34,0,1,1
BRF:2
BRH:2
end_of_record
